4375
0 0 1 5
0 6 1 11
0 12 1 17
0 18 1 23
0 24 1 29
0 30 1 35
0 36 1 41
0 42 2 45
0 46 1 51
0 52 1 57
0 58 1 63
0 64 1 69
0 70 1 75
0 76 1 81
0 82 1 87
0 88 10 88
0 89 2 92
0 93 1 98
0 99 1 104
0 105 1 110
0 111 1 116
0 117 2 120
0 121 1 126
0 127 1 132
0 133 1 138
0 139 1 144
0 145 1 150
0 151 1 156
0 157 1 162
0 163 1 168
0 169 1 174
0 175 0 186
0 187 0 198
0 199 1 204
0 205 1 210
0 211 1 216
0 217 0 228
0 229 1 234
0 235 1 240
0 241 1 246
0 247 3 249
1 175 2 180
1 181 3 184
1 185 2 190
1 191 4 193
1 194 6 195
1 196 6 197
1 198 9 198
1 217 2 222
1 223 2 228
2 0 3 5
2 6 5 8
2 9 3 14
2 15 3 20
2 21 3 26
2 27 3 32
2 33 3 38
2 39 5 41
2 46 3 51
2 52 3 57
2 58 3 63
2 64 4 67
2 68 4 71
2 72 3 77
2 78 3 83
2 84 4 87
2 93 3 98
2 99 3 104
2 105 3 110
2 111 3 116
2 121 3 126
2 127 2 138
2 139 3 144
2 145 3 150
2 151 3 156
2 157 3 162
2 163 4 166
2 167 4 170
2 171 4 174
2 199 5 201
2 202 3 207
2 208 4 211
2 212 4 215
2 229 3 234
2 235 3 240
2 241 3 246
3 42 6 44
3 45 14 45
3 89 5 92
3 117 5 120
3 127 5 130
3 131 4 136
3 137 8 138
3 175 4 180
3 185 6 187
3 188 8 189
3 190 10 190
3 216 4 221
3 222 4 227
3 228 11 228
4 0 5 5
4 9 5 14
4 15 5 20
4 21 4 32
4 33 5 38
4 46 5 51
4 52 5 57
4 58 5 63
4 72 5 77
4 78 5 83
4 93 5 98
4 99 5 104
4 105 5 110
4 111 5 116
4 121 5 126
4 139 14 139
4 140 5 145
4 146 5 151
4 152 5 157
4 158 6 161
4 162 12 162
4 181 6 184
4 202 5 207
4 229 7 231
4 232 5 237
4 238 4 248
4 249 12 249
5 21 7 24
5 25 6 30
5 31 10 32
5 64 6 69
5 84 7 87
5 131 6 136
5 163 6 168
5 169 6 174
5 175 6 180
5 192 10 193
5 208 6 213
5 214 6 219
5 220 6 225
5 226 10 227
5 238 6 243
5 244 8 246
5 247 12 247
5 248 15 248
6 0 7 5
6 6 7 11
6 12 7 17
6 18 11 19
6 20 15 20
6 33 7 38
6 39 9 41
6 46 9 48
6 49 7 54
6 55 7 60
6 61 9 63
6 70 6 80
6 81 9 83
6 89 11 90
6 91 7 96
6 97 7 102
6 103 11 104
6 105 6 116
6 117 7 122
6 123 8 126
6 127 8 130
6 140 7 145
6 146 7 151
6 152 7 157
6 199 7 204
6 205 9 207
6 232 7 237
7 25 8 30
7 42 10 44
7 64 7 75
7 76 10 78
7 79 12 80
7 105 9 108
7 109 8 114
7 115 12 116
7 131 8 136
7 158 9 161
7 163 8 168
7 169 8 174
7 175 8 180
7 181 8 186
7 187 15 187
7 194 9 197
7 208 8 213
7 214 8 219
7 220 9 223
7 224 16 224
7 238 8 243
8 0 10 3
8 4 8 15
8 16 13 17
8 21 10 24
8 33 9 38
8 49 9 54
8 55 9 60
8 64 9 69
8 70 9 75
8 84 11 86
8 87 17 87
8 91 9 96
8 97 9 102
8 117 9 122
8 140 10 143
8 144 13 145
8 146 10 149
8 150 9 155
8 156 13 157
8 191 19 191
8 199 9 204
8 229 18 229
8 230 10 233
8 234 10 237
9 4 10 9
9 10 10 15
9 25 10 30
9 109 11 112
9 114 17 114
9 123 10 128
9 129 10 134
9 135 11 138
9 163 10 168
9 169 9 180
9 181 10 186
9 188 14 189
9 208 10 213
9 214 10 219
9 225 20 225
9 238 10 243
9 244 12 246
10 33 11 38
10 39 13 41
10 46 11 51
10 52 11 57
10 58 11 63
10 64 11 69
10 70 11 75
10 81 21 81
10 82 15 83
10 91 11 96
10 97 11 102
10 105 12 108
10 113 21 113
10 117 11 122
10 150 11 155
10 158 19 158
10 159 21 159
10 160 15 161
10 169 11 174
10 175 12 178
10 179 21 179
10 180 17 180
10 194 11 199
10 200 11 205
10 206 15 207
10 220 12 223
11 0 12 5
11 6 12 11
11 12 14 14
11 15 19 15
11 21 16 22
11 23 12 28
11 29 14 31
11 32 22 32
11 42 14 44
11 76 14 78
11 88 19 88
11 123 12 128
11 129 12 134
11 140 14 142
11 143 18 143
11 146 16 147
11 148 16 149
11 163 12 168
11 181 12 186
11 190 21 190
11 192 16 193
11 208 12 213
11 214 12 219
11 226 22 226
11 230 12 235
11 236 12 241
11 242 16 243
12 18 17 19
12 33 13 38
12 46 14 49
12 50 13 55
12 56 14 59
12 60 13 65
12 66 13 71
12 72 14 75
12 84 23 84
12 85 17 86
12 89 13 94
12 95 13 100
12 101 15 103
12 104 20 104
12 109 14 112
12 117 13 122
12 135 17 136
12 137 17 138
12 150 13 155
12 169 17 170
12 171 14 174
12 194 13 199
12 200 13 205
12 227 17 228
13 0 14 5
13 6 14 11
13 23 14 28
13 79 18 80
13 105 15 108
13 115 18 116
13 123 14 128
13 129 14 134
13 162 14 167
13 168 24 168
13 175 15 178
13 181 14 186
13 208 14 213
13 214 14 219
13 220 16 222
13 223 20 223
13 230 14 235
13 236 14 241
13 244 15 247
13 249 20 249
14 16 19 17
14 33 15 38
14 39 17 41
14 50 15 55
14 60 15 65
14 66 15 71
14 89 15 94
14 95 15 100
14 117 15 122
14 144 23 144
14 145 23 145
14 150 16 153
14 154 16 157
14 194 16 197
14 198 16 201
14 202 16 205
15 0 16 5
15 6 16 11
15 12 20 13
15 23 16 28
15 29 18 31
15 42 16 47
15 48 20 49
15 56 17 59
15 72 17 75
15 76 20 77
15 78 26 78
15 109 17 112
15 123 16 128
15 129 16 134
15 139 20 140
15 141 20 142
15 162 16 167
15 171 17 174
15 181 16 186
15 188 20 189
15 208 16 213
15 214 16 219
15 230 16 235
15 236 16 241
16 14 27 14
16 20 24 20
16 33 18 36
16 37 21 38
16 50 17 55
16 60 18 63
16 64 17 69
16 70 21 71
16 82 24 82
16 83 27 83
16 89 17 94
16 95 18 98
16 99 18 102
16 103 24 103
16 105 18 108
16 117 17 122
16 160 26 160
16 161 26 161
16 175 18 178
16 187 23 187
16 206 21 207
16 244 18 247
16 248 23 248
17 0 18 5
17 6 18 11
17 21 18 26
17 27 22 28
17 42 18 47
17 123 19 126
17 127 18 132
17 133 22 134
17 146 18 151
17 152 18 157
17 162 18 167
17 181 18 186
17 192 17 203
17 204 22 205
17 208 18 213
17 214 18 219
17 220 20 222
17 224 28 224
17 230 18 235
17 236 18 241
17 242 22 243
18 18 23 19
18 39 21 41
18 50 19 55
18 56 20 59
18 64 19 69
18 73 23 74
18 75 28 75
18 85 21 87
18 89 19 94
18 109 23 110
18 111 23 112
18 114 27 114
18 117 20 120
18 121 23 122
18 135 20 138
18 169 19 174
18 180 26 180
18 192 19 197
18 198 19 203
18 227 23 228
19 0 19 11
19 21 20 26
19 29 22 31
19 33 21 36
19 42 20 47
19 60 22 62
19 63 29 63
19 79 24 80
19 95 20 100
19 101 26 101
19 102 30 102
19 105 21 108
19 115 24 116
19 127 21 130
19 131 24 132
19 143 27 143
19 146 20 151
19 152 20 157
19 162 20 167
19 175 30 175
19 176 29 176
19 177 30 177
19 178 27 178
19 181 20 186
19 208 20 213
19 214 20 219
19 229 19 240
19 241 26 241
19 244 21 247
20 0 21 5
20 6 21 11
20 15 23 17
20 50 21 55
20 64 21 69
20 72 31 72
20 88 21 93
20 94 27 94
20 123 25 124
20 125 29 125
20 158 28 158
20 169 22 172
20 173 25 174
20 191 21 196
20 197 21 202
20 203 29 203
20 229 21 234
20 235 22 238
20 239 25 240
21 12 26 13
21 21 22 26
21 42 22 47
21 48 26 49
21 56 24 58
21 59 28 59
21 76 26 77
21 95 22 100
21 104 28 104
21 117 31 117
21 118 24 120
21 126 32 126
21 135 22 140
21 141 26 142
21 146 22 151
21 152 22 157
21 162 22 167
21 181 22 186
21 188 26 189
21 208 21 219
21 220 23 223
21 225 28 225
21 249 31 249
22 0 23 5
22 6 23 11
22 33 23 38
22 39 33 39
22 40 27 41
22 50 23 55
22 64 23 69
22 70 27 71
22 85 23 90
22 91 25 93
22 105 24 108
22 113 33 113
22 127 24 130
22 159 31 159
22 179 32 179
22 190 22 201
22 202 33 202
22 206 23 211
22 212 23 217
22 218 27 219
22 229 23 234
22 244 24 247
23 21 24 26
23 27 24 32
23 42 24 47
23 60 28 61
23 62 31 62
23 95 24 100
23 133 24 138
23 139 28 140
23 146 24 151
23 152 24 157
23 162 24 167
23 169 25 172
23 181 24 186
23 190 24 195
23 196 24 201
23 204 28 205
23 226 33 226
23 235 25 238
23 242 28 243
24 0 25 5
24 6 25 11
24 15 26 18
24 33 25 38
24 50 25 55
24 64 26 67
24 68 34 68
24 69 33 69
24 73 29 74
24 84 25 89
24 109 26 112
24 121 34 121
24 144 29 145
24 187 32 187
24 206 25 211
24 212 25 217
24 220 27 222
24 227 25 232
24 233 29 234
24 248 32 248
25 19 28 21
25 22 26 27
25 28 28 30
25 31 30 32
25 42 28 44
25 45 28 47
25 56 30 57
25 58 32 58
25 79 28 81
25 82 36 82
25 95 26 100
25 103 34 103
25 105 28 107
25 108 35 108
25 115 34 115
25 116 35 116
25 118 28 120
25 127 26 132
25 133 26 138
25 146 26 151
25 152 26 157
25 162 26 167
25 168 33 168
25 181 26 186
25 190 26 195
25 196 26 201
25 244 27 247
26 0 27 5
26 6 27 11
26 33 27 38
26 50 27 55
26 84 27 89
26 90 28 93
26 122 31 123
26 124 37 124
26 169 27 174
26 206 27 211
26 212 27 217
26 223 37 223
26 227 27 232
26 235 27 240
27 12 32 13
27 15 29 18
27 22 28 27
27 48 32 49
27 64 29 67
27 76 30 78
27 95 28 100
27 101 34 101
27 109 29 112
27 127 28 132
27 133 29 136
27 137 32 138
27 141 32 142
27 146 30 148
27 149 29 152
27 153 29 156
27 157 36 157
27 160 28 165
27 166 32 167
27 180 28 185
27 186 34 186
27 188 28 193
27 194 28 199
27 200 32 201
27 241 36 241
28 0 29 5
28 6 29 11
28 14 39 14
28 33 29 38
28 40 33 41
28 50 29 55
28 70 33 71
28 83 29 88
28 89 36 89
28 94 35 94
28 114 35 114
28 143 39 143
28 169 29 174
28 178 36 178
28 206 29 211
28 212 29 217
28 218 33 219
28 220 33 221
28 222 38 222
28 227 29 232
28 235 29 240
28 244 30 247
29 19 29 28
29 29 34 30
29 42 31 45
29 46 34 47
29 59 32 61
29 75 36 75
29 79 32 81
29 90 31 93
29 95 30 100
29 104 31 107
29 118 32 120
29 127 30 132
29 139 34 140
29 158 40 158
29 160 30 165
29 180 31 183
29 184 34 185
29 188 30 193
29 194 30 199
29 204 34 205
29 224 34 225
29 242 38 242
29 243 40 243
30 0 31 5
30 6 31 11
30 15 32 18
30 19 31 24
30 25 35 26
30 27 35 28
30 33 31 38
30 50 35 51
30 52 41 52
30 53 33 55
30 63 32 66
30 67 38 67
30 83 31 88
30 109 32 112
30 125 39 125
30 133 32 136
30 144 35 145
30 149 31 154
30 155 35 156
30 169 31 174
30 176 37 176
30 203 37 203
30 206 31 211
30 212 31 217
30 227 30 238
30 239 35 240
31 31 36 32
31 56 36 57
31 74 42 74
31 76 34 78
31 95 32 100
31 102 38 102
31 127 32 132
31 146 36 147
31 148 41 148
31 160 34 162
31 163 41 163
31 164 36 165
31 177 41 177
31 188 31 197
31 198 36 199
31 227 32 232
31 233 34 235
31 236 34 238
31 244 34 246
31 247 39 247
32 0 33 5
32 6 33 11
32 19 33 24
32 33 33 38
32 42 34 45
32 62 42 62
32 72 37 73
32 83 33 88
32 90 34 93
32 104 41 104
32 105 37 106
32 107 39 107
32 117 39 117
32 122 37 123
32 149 33 154
32 159 43 159
32 169 33 174
32 180 34 183
32 188 35 190
32 191 34 194
32 195 35 197
32 206 37 207
32 208 33 213
32 214 35 216
32 217 43 217
32 249 42 249
33 12 38 13
33 15 35 18
33 48 38 49
33 58 38 59
33 60 38 61
33 63 35 66
33 79 36 81
33 95 34 100
33 109 35 112
33 118 38 119
33 120 41 120
33 126 33 137
33 138 41 138
33 141 38 142
33 166 38 167
33 179 42 179
33 187 40 187
33 200 38 201
33 227 34 232
33 248 42 248
34 0 36 3
34 4 36 7
34 8 36 11
34 19 36 22
34 23 39 24
34 33 35 38
34 39 37 41
34 53 37 55
34 69 39 70
34 71 45 71
34 83 35 88
34 126 35 131
34 132 35 137
34 149 35 154
34 168 35 173
34 174 39 175
34 202 45 202
34 208 35 213
34 218 36 221
34 226 43 226
35 29 40 30
35 42 36 47
35 68 42 68
35 76 40 77
35 78 43 78
35 90 40 91
35 92 40 93
35 95 36 100
35 101 43 101
35 103 44 103
35 115 46 115
35 121 46 121
35 139 40 140
35 160 38 162
35 180 37 183
35 184 38 186
35 191 37 194
35 204 40 205
35 224 45 224
35 227 36 232
35 233 36 238
35 244 38 246
36 15 38 18
36 25 38 28
36 33 37 38
36 50 41 51
36 63 39 65
36 83 37 88
36 94 45 94
36 108 37 113
36 114 45 114
36 116 45 116
36 126 37 131
36 132 37 137
36 144 41 145
36 149 37 154
36 155 41 156
36 168 37 173
36 188 39 190
36 195 41 196
36 197 47 197
36 208 37 213
36 214 41 215
36 216 46 216
36 239 41 240
37 0 38 5
37 6 39 9
37 10 42 11
37 19 40 21
37 22 47 22
37 31 42 32
37 42 38 47
37 57 45 57
37 66 48 66
37 75 44 75
37 79 39 82
37 89 44 89
37 95 38 100
37 146 42 147
37 157 45 157
37 164 42 165
37 178 48 178
37 198 42 199
37 218 39 221
37 225 48 225
37 227 38 232
37 233 38 238
37 241 44 241
38 33 39 38
38 39 47 39
38 40 49 40
38 41 45 41
38 53 40 56
38 72 43 73
38 83 40 86
38 87 43 88
38 105 43 106
38 108 39 113
38 122 43 123
38 124 46 124
38 126 39 131
38 132 39 137
38 149 40 152
38 153 43 154
38 168 40 171
38 172 43 173
38 176 45 176
38 180 40 183
38 191 40 194
38 203 47 203
38 206 43 207
38 209 43 210
38 211 46 211
38 213 45 213
38 223 46 223
39 0 40 5
39 12 44 13
39 15 42 17
39 18 50 18
39 25 42 27
39 28 47 28
39 42 40 47
39 48 44 49
39 58 41 61
39 67 46 67
39 95 40 100
39 102 49 102
39 119 46 119
39 141 50 141
39 142 47 142
39 160 44 161
39 162 49 162
39 166 44 167
39 184 42 186
39 200 47 200
39 201 47 201
39 208 50 208
39 222 46 222
39 227 40 232
39 233 40 238
39 242 46 242
39 244 42 246
40 6 43 8
40 9 49 9
40 14 49 14
40 23 45 24
40 33 41 38
40 63 43 65
40 69 45 70
40 79 42 82
40 107 41 112
40 113 49 113
40 117 48 117
40 125 45 126
40 127 41 132
40 133 45 134
40 135 45 136
40 137 50 137
40 174 45 175
40 188 43 190
40 212 51 212
40 218 42 221
40 247 50 247
41 0 42 5
41 19 46 20
41 21 49 21
41 29 46 30
41 42 42 47
41 53 43 56
41 76 46 77
41 83 43 86
41 90 44 92
41 93 51 93
41 95 42 100
41 139 46 140
41 149 43 152
41 158 50 158
41 168 43 171
41 180 46 181
41 182 52 182
41 183 52 183
41 187 51 187
41 191 43 194
41 204 46 205
41 227 42 232
41 233 43 236
41 237 46 238
41 243 52 243
42 33 44 36
42 37 47 38
42 50 45 52
42 58 44 61
42 104 50 104
42 107 43 112
42 120 50 120
42 127 43 132
42 138 52 138
42 143 47 144
42 145 53 145
42 148 49 148
42 155 47 156
42 163 50 163
42 177 51 177
42 195 47 196
42 214 47 215
42 239 47 240
43 0 44 5
43 10 48 11
43 15 46 17
43 25 48 26
43 31 48 32
43 42 44 47
43 62 53 62
43 68 50 68
43 74 50 74
43 79 46 81
43 82 50 82
43 95 44 100
43 118 54 118
43 146 48 147
43 164 48 165
43 179 51 179
43 184 46 186
43 198 48 199
43 218 45 221
43 227 45 230
43 231 48 232
43 244 48 245
43 246 53 246
43 248 48 249
44 6 49 7
44 8 53 8
44 27 55 27
44 53 47 55
44 63 49 64
44 65 52 65
44 72 49 73
44 78 53 78
44 83 45 88
44 101 51 101
44 105 45 110
44 111 49 112
44 122 49 123
44 127 45 132
44 149 45 154
44 159 52 159
44 168 45 173
44 188 45 193
44 194 54 194
44 206 49 207
44 209 49 210
44 226 51 226
44 233 46 236
45 0 46 5
45 12 50 13
45 33 47 36
45 42 46 47
45 48 50 49
45 58 50 59
45 60 50 61
45 75 52 75
45 89 47 92
45 95 46 100
45 103 54 103
45 160 50 161
45 166 50 167
45 241 52 241
46 23 51 24
46 41 53 41
46 50 49 52
46 56 51 57
46 69 51 70
46 71 53 71
46 83 47 88
46 94 54 94
46 105 48 108
46 109 55 109
46 110 53 110
46 114 53 114
46 116 53 116
46 125 47 130
46 131 47 136
46 149 47 154
46 157 56 157
46 168 47 173
46 174 49 176
46 188 47 193
46 213 53 213
46 217 48 220
46 221 54 221
46 224 55 224
46 227 51 228
46 229 51 230
47 0 48 5
47 15 50 17
47 19 52 20
47 29 52 30
47 42 48 47
47 67 56 67
47 76 52 77
47 79 50 81
47 95 49 98
47 99 52 100
47 115 58 115
47 119 54 119
47 124 56 124
47 139 52 140
47 180 52 181
47 184 50 186
47 202 58 202
47 204 52 205
47 211 55 211
47 216 55 216
47 222 52 223
47 233 52 234
47 235 49 238
47 242 55 242
48 22 59 22
48 28 56 28
48 33 51 35
48 36 53 37
48 38 53 39
48 53 58 53
48 54 53 55
48 83 49 88
48 89 50 92
48 121 59 121
48 125 49 130
48 131 49 136
48 142 51 144
48 149 49 154
48 155 57 155
48 168 49 173
48 188 49 193
48 195 51 197
48 200 55 200
48 201 59 201
48 203 55 203
48 214 53 215
48 239 59 239
49 0 50 5
49 10 60 10
49 11 60 11
49 25 54 26
49 31 59 31
49 32 59 32
49 42 50 47
49 66 58 66
49 105 52 107
49 108 56 108
49 117 57 117
49 147 59 147
49 164 54 165
49 178 60 178
49 198 54 199
49 217 51 220
49 225 57 225
49 231 54 232
49 244 54 245
49 248 54 249
50 6 55 7
50 9 57 9
50 14 58 14
50 21 58 21
50 40 59 40
50 50 55 51
50 63 55 64
50 72 55 73
50 83 51 88
50 95 55 96
50 97 55 98
50 102 61 102
50 111 55 112
50 113 58 113
50 122 55 123
50 125 51 130
50 131 51 136
50 148 51 153
50 154 59 154
50 162 57 162
50 168 51 173
50 174 55 175
50 176 57 176
50 188 51 193
50 206 55 207
50 209 61 209
50 235 52 238
51 0 52 5
51 12 56 13
51 15 53 18
51 42 52 47
51 48 62 48
51 58 53 61
51 68 60 68
51 74 60 74
51 79 54 81
51 82 62 82
51 89 53 92
51 104 58 104
51 120 61 120
51 137 59 137
51 146 62 146
51 158 58 158
51 160 56 161
51 163 58 163
51 166 56 167
51 184 54 186
51 208 60 208
51 210 62 210
51 247 59 247
52 23 57 24
52 33 55 35
52 52 63 52
52 56 57 57
52 69 61 69
52 83 54 86
52 87 57 88
52 93 61 93
52 101 61 101
52 125 53 130
52 131 54 134
52 135 62 135
52 136 60 136
52 141 54 144
52 148 53 153
52 168 53 173
52 177 61 177
52 179 59 179
52 187 57 188
52 189 62 189
52 190 54 193
52 195 55 197
52 212 61 212
52 217 54 220
52 226 57 227
52 228 55 230
53 0 54 5
53 19 58 20
53 29 58 30
53 42 54 47
53 49 64 49
53 65 62 65
53 70 64 70
53 75 56 77
53 99 58 100
53 105 58 106
53 107 63 107
53 138 58 139
53 140 60 140
53 159 64 159
53 180 56 182
53 183 64 183
53 204 58 205
53 222 58 223
53 233 55 236
53 237 63 237
53 238 63 238
53 240 58 241
53 243 64 243
54 8 61 8
54 15 59 16
54 17 59 18
54 36 56 39
54 41 63 41
54 54 59 55
54 58 57 60
54 61 59 62
54 71 61 71
54 78 62 78
54 89 56 92
54 110 64 110
54 114 62 114
54 116 65 116
54 125 55 130
54 145 62 145
54 148 56 151
54 152 59 153
54 168 55 173
54 213 57 215
54 246 64 246
55 0 56 5
55 25 60 26
55 42 56 47
55 79 58 81
55 83 57 86
55 94 63 94
55 103 65 103
55 118 60 119
55 131 57 134
55 141 60 142
55 143 60 144
55 164 60 165
55 184 58 186
55 190 58 192
55 193 60 194
55 198 65 198
55 199 65 199
55 217 58 219
55 220 60 221
55 231 60 232
55 244 60 245
55 248 60 249
56 6 61 7
56 27 67 27
56 33 61 34
56 50 61 51
56 63 61 64
56 72 61 73
56 95 58 98
56 109 64 109
56 111 61 112
56 122 61 123
56 125 57 130
56 156 67 156
56 168 57 173
56 174 61 175
56 195 59 197
56 200 66 200
56 203 63 203
56 206 61 207
56 211 63 211
56 216 67 216
56 224 64 224
56 228 59 230
56 233 58 236
56 242 64 242
57 0 58 5
57 12 62 13
57 28 65 28
57 35 59 38
57 39 67 39
57 42 58 47
57 67 65 67
57 75 60 77
57 89 59 92
57 108 68 108
57 124 67 124
57 148 59 151
57 157 66 157
57 160 68 160
57 161 64 161
57 167 68 167
57 180 62 181
57 182 64 182
58 9 66 9
58 23 63 24
58 56 61 58
58 59 63 60
58 83 59 88
58 117 69 117
58 125 59 130
58 131 60 134
58 155 69 155
58 162 68 162
58 168 59 173
58 176 68 176
58 187 63 188
58 213 61 215
58 225 63 226
58 227 65 227
59 0 60 5
59 14 67 14
59 19 62 21
59 29 64 30
59 42 64 43
59 44 62 46
59 47 67 47
59 53 68 53
59 66 66 66
59 79 62 81
59 95 60 100
59 104 62 106
59 113 67 113
59 138 64 139
59 158 69 158
59 163 68 163
59 184 62 186
59 190 68 190
59 191 66 191
59 202 67 202
59 204 64 205
59 217 62 219
59 222 64 223
59 233 62 235
59 240 64 241
60 15 62 18
60 22 69 22
60 31 65 32
60 35 63 37
60 40 67 40
60 54 65 55
60 61 65 62
60 83 61 88
60 89 62 92
60 121 71 121
60 125 61 130
60 137 67 137
60 147 61 152
60 153 65 154
60 168 61 173
60 179 68 179
60 195 63 197
60 201 71 201
60 228 63 230
60 247 67 247
61 0 62 5
61 10 66 11
61 25 66 26
61 38 72 38
61 68 71 68
61 74 63 77
61 95 62 100
61 118 66 119
61 133 66 134
61 136 68 136
61 140 63 143
61 144 68 144
61 164 64 166
61 178 69 178
61 192 64 194
61 208 70 208
61 220 66 221
61 231 66 232
61 244 66 245
61 248 66 249
62 6 65 8
62 33 71 33
62 34 73 34
62 50 67 51
62 56 65 58
62 63 67 64
62 69 69 69
62 71 65 73
62 83 64 86
62 87 67 88
62 93 71 93
62 101 67 102
62 111 67 112
62 120 71 120
62 122 67 123
62 125 63 130
62 131 73 131
62 132 73 132
62 147 63 152
62 168 65 170
62 171 67 172
62 173 67 174
62 175 69 175
62 177 72 177
62 206 72 206
62 207 70 207
62 212 64 215
63 0 64 5
63 12 68 13
63 15 64 20
63 44 66 46
63 48 71 48
63 65 73 65
63 78 65 81
63 82 71 82
63 89 65 92
63 95 64 100
63 104 66 106
63 114 68 115
63 135 74 135
63 145 68 146
63 180 68 181
63 184 68 185
63 186 74 186
63 189 74 189
63 209 68 210
63 217 66 219
63 233 65 236
64 23 69 24
64 35 69 36
64 37 74 37
64 41 75 41
64 59 69 60
64 74 66 77
64 94 71 94
64 107 73 107
64 125 65 130
64 140 66 143
64 147 65 152
64 187 69 188
64 195 67 197
64 203 71 203
64 211 74 211
64 225 69 226
64 228 73 228
64 229 69 230
64 237 69 238
65 0 66 5
65 15 70 16
65 17 67 20
65 29 70 30
65 42 72 42
65 49 73 49
65 70 76 70
65 83 68 85
65 86 72 86
65 95 66 100
65 109 72 109
65 110 74 110
65 138 70 139
65 159 75 159
65 161 72 161
65 164 70 165
65 166 75 166
65 182 70 183
65 192 68 194
65 204 70 205
65 212 67 215
65 222 68 224
65 239 67 242
65 243 72 243
65 246 73 246
66 6 69 8
66 21 77 21
66 28 74 28
66 31 71 32
66 52 77 52
66 54 68 57
66 61 71 62
66 67 77 67
66 71 71 72
66 73 77 73
66 78 69 80
66 81 76 81
66 89 68 92
66 103 73 103
66 125 68 128
66 129 71 130
66 147 67 152
66 153 71 154
66 168 69 170
66 198 71 199
66 227 73 227
66 233 69 235
67 0 68 5
67 9 70 11
67 25 72 26
67 43 70 45
67 46 76 46
67 58 78 58
67 66 75 66
67 74 69 77
67 95 76 95
67 96 72 97
67 98 72 99
67 100 77 100
67 104 70 106
67 116 78 116
67 118 72 119
67 133 72 134
67 140 69 143
67 157 75 157
67 191 77 191
67 200 78 200
67 217 69 220
67 231 72 232
67 236 78 236
67 244 72 245
67 248 72 249
68 14 78 14
68 17 70 20
68 39 73 40
68 47 76 47
68 50 73 51
68 63 73 64
68 87 73 88
68 101 73 102
68 111 71 113
68 122 71 124
68 137 76 137
68 147 69 152
68 156 78 156
68 171 70 174
68 195 71 197
68 202 77 202
68 212 73 213
68 214 73 215
68 216 78 216
68 239 70 242
68 247 77 247
69 0 70 5
69 12 74 13
69 53 71 56
69 57 77 57
69 83 72 85
69 89 71 92
69 114 74 115
69 125 71 128
69 136 79 136
69 144 74 145
69 146 80 146
69 160 80 160
69 162 74 163
69 167 78 167
69 176 76 176
69 179 72 181
69 184 74 185
69 190 77 190
69 192 72 194
69 209 74 210
69 221 71 224
70 6 73 8
70 22 73 24
70 35 75 36
70 59 75 60
70 69 77 69
70 74 71 79
70 80 79 80
70 140 72 143
70 147 71 152
70 158 80 158
70 168 73 170
70 175 79 175
70 178 79 178
70 187 75 188
70 217 72 220
70 225 80 225
70 226 81 226
70 229 79 229
70 230 77 230
70 233 81 233
70 234 75 235
70 237 75 238
71 0 74 2
71 3 74 5
71 9 76 10
71 11 78 11
71 15 72 20
71 30 82 30
71 43 74 45
71 104 74 106
71 138 76 139
71 164 76 165
71 171 73 174
71 183 78 183
71 204 76 205
71 207 76 208
71 239 73 242
72 29 83 29
72 31 75 33
72 48 80 48
72 53 74 56
72 61 77 62
72 68 79 68
72 71 77 72
72 74 73 79
72 82 81 82
72 89 73 94
72 111 77 112
72 113 79 113
72 120 73 125
72 126 75 128
72 129 77 130
72 147 81 147
72 148 74 151
72 152 74 155
72 195 74 198
72 203 79 203
72 221 74 224
73 15 74 20
73 25 76 27
73 42 80 42
73 83 75 86
73 96 76 98
73 99 83 99
73 108 78 109
73 118 81 118
73 133 78 134
73 140 78 141
73 142 78 143
73 161 82 161
73 177 84 177
73 179 75 182
73 192 76 194
73 206 80 206
73 217 75 220
73 231 78 232
73 243 76 245
73 248 78 249
74 6 77 8
74 22 77 24
74 34 81 34
74 38 79 39
74 40 82 40
74 49 77 51
74 63 77 65
74 74 75 79
74 87 75 92
74 93 79 94
74 101 77 103
74 107 84 107
74 119 75 124
74 125 81 125
74 131 79 132
74 168 75 173
74 201 85 201
74 212 76 215
74 227 79 228
74 241 79 242
74 246 84 246
75 0 76 5
75 13 86 13
75 15 76 20
75 28 84 28
75 37 84 37
75 43 78 45
75 53 77 56
75 104 78 106
75 110 86 110
75 114 80 115
75 135 84 135
75 144 80 145
75 148 76 153
75 154 84 154
75 162 80 163
75 184 78 186
75 189 86 189
75 195 77 198
75 209 80 210
75 211 86 211
75 221 77 224
75 239 86 239
76 31 79 33
76 35 81 36
76 41 86 41
76 59 81 60
76 66 83 66
76 74 77 79
76 83 79 85
76 86 77 91
76 92 85 92
76 119 79 121
76 122 87 122
76 123 81 124
76 126 79 128
76 155 87 155
76 157 83 157
76 159 84 159
76 166 83 166
76 168 77 173
76 174 87 174
76 179 78 182
76 187 81 188
76 217 78 220
76 234 81 235
76 237 81 238
77 0 78 5
77 9 82 10
77 15 78 20
77 25 80 27
77 46 82 47
77 81 85 81
77 95 79 98
77 137 80 139
77 148 82 149
77 150 82 151
77 152 82 153
77 164 82 165
77 176 85 176
77 192 82 193
77 204 82 205
77 207 82 208
77 212 82 213
77 214 84 214
77 215 87 215
77 243 82 244
77 245 86 245
78 6 83 7
78 8 86 8
78 21 80 24
78 49 79 54
78 55 81 57
78 61 80 64
78 65 87 65
78 69 79 74
78 75 83 76
78 78 83 79
78 86 81 88
78 89 81 91
78 100 80 103
78 111 83 112
78 129 83 130
78 168 80 171
78 172 83 173
78 190 83 191
78 195 80 198
78 199 89 199
78 202 88 202
78 221 80 224
78 230 88 230
78 247 86 247
79 0 80 5
79 11 84 12
79 14 80 19
79 20 88 20
79 43 82 45
79 58 87 58
79 104 86 104
79 106 88 106
79 108 84 109
79 116 84 117
79 133 84 134
79 140 81 143
79 156 89 156
79 167 86 167
79 179 80 184
79 186 90 186
79 200 90 200
79 216 81 219
79 220 87 220
79 231 84 232
79 236 86 236
79 240 90 240
79 248 84 249
80 31 85 32
80 33 89 33
80 38 91 38
80 39 91 39
80 49 81 54
80 67 81 72
80 73 85 74
80 80 91 80
80 83 85 84
80 93 81 98
80 105 91 105
80 113 91 113
80 119 89 119
80 121 91 121
80 126 83 128
80 131 85 132
80 136 87 136
80 175 90 175
80 178 88 178
80 203 88 203
80 227 85 228
80 229 88 229
80 241 85 242
81 0 82 5
81 14 82 19
81 21 82 26
81 27 91 27
81 42 89 42
81 48 90 48
81 61 83 64
81 100 83 103
81 114 86 115
81 137 84 139
81 144 84 146
81 158 88 158
81 162 86 163
81 168 86 169
81 170 86 171
81 179 86 180
81 181 83 184
81 194 92 194
81 196 86 197
81 198 89 198
81 206 89 206
81 209 86 210
81 221 83 224
81 225 90 225
82 34 87 35
82 36 91 36
82 49 83 54
82 55 85 57
82 59 87 60
82 67 83 72
82 77 93 77
82 82 90 82
82 85 83 90
82 91 90 91
82 93 83 98
82 118 90 118
82 123 85 125
82 140 87 141
82 142 91 142
82 143 93 143
82 147 89 147
82 187 87 188
82 216 84 219
82 226 89 226
82 233 85 235
82 237 87 238
83 0 84 5
83 9 88 10
83 14 84 19
83 21 84 26
83 30 92 30
83 40 92 40
83 43 88 44
83 45 86 47
83 148 88 149
83 150 85 153
83 161 94 161
83 164 88 165
83 192 88 193
83 195 94 195
83 204 88 205
83 207 88 208
83 212 88 213
83 243 88 244
84 6 89 7
84 29 92 29
84 49 85 54
84 61 86 64
84 66 85 71
84 72 91 72
84 75 92 75
84 76 94 76
84 78 89 79
84 85 85 90
84 93 89 94
84 95 85 100
84 101 87 103
84 111 89 112
84 126 86 129
84 130 92 130
84 157 93 157
84 160 95 160
84 166 91 166
84 172 89 173
84 181 89 182
84 183 89 184
84 185 95 185
84 190 89 191
84 221 87 223
84 224 93 224
85 0 86 5
85 14 86 19
85 21 86 26
85 28 96 28
85 37 93 37
85 107 90 108
85 109 93 109
85 116 90 117
85 120 96 120
85 133 88 135
85 137 88 139
85 144 88 146
85 154 92 154
85 159 93 159
85 177 93 177
85 214 92 214
85 216 87 219
85 231 90 232
85 246 96 246
85 248 90 249
86 11 97 11
86 12 97 12
86 31 95 31
86 49 87 54
86 55 89 57
86 66 87 71
86 73 91 74
86 81 97 81
86 83 87 88
86 89 91 90
86 92 93 92
86 95 87 100
86 123 91 124
86 131 91 132
86 150 91 151
86 152 91 153
86 176 93 176
86 201 97 201
86 227 91 228
86 233 89 235
86 241 91 242
87 0 88 5
87 8 96 8
87 13 88 18
87 19 95 19
87 21 88 26
87 32 98 32
87 41 98 41
87 45 90 47
87 61 89 64
87 104 97 104
87 114 92 115
87 125 89 128
87 129 94 129
87 162 92 163
87 167 89 170
87 171 96 171
87 179 92 180
87 189 95 189
87 196 92 197
87 209 90 211
87 236 95 236
87 239 98 239
87 245 95 245
87 247 96 247
88 34 93 35
88 49 89 54
88 58 91 60
88 65 90 68
88 69 98 69
88 70 93 71
88 83 89 88
88 95 89 100
88 101 91 103
88 122 97 122
88 136 99 136
88 140 93 141
88 155 99 155
88 174 95 174
88 187 93 188
88 215 89 220
88 221 93 222
88 223 97 223
88 237 93 238
89 0 91 3
89 4 97 4
89 5 97 5
89 9 94 10
89 13 99 13
89 14 99 14
89 15 92 17
89 18 100 18
89 20 90 25
89 26 97 26
89 106 100 106
89 133 92 135
89 137 92 139
89 144 94 145
89 148 94 149
89 158 97 158
89 164 94 165
89 178 96 178
89 192 94 193
89 202 91 205
89 207 99 207
89 208 97 208
89 212 94 213
89 229 94 230
89 243 94 244
90 6 95 7
90 33 98 33
90 42 98 42
90 49 91 54
90 55 95 56
90 57 99 57
90 61 92 64
90 78 95 79
90 83 91 88
90 93 91 98
90 99 95 100
90 110 93 112
90 119 101 119
90 125 92 128
90 146 95 147
90 156 101 156
90 167 92 170
90 172 95 173
90 181 92 184
90 190 95 191
90 198 95 199
90 206 98 206
90 215 91 220
90 226 97 226
90 233 93 235
91 20 92 25
91 43 92 48
91 65 93 68
91 82 98 82
91 91 99 91
91 107 96 108
91 116 94 118
91 175 102 175
91 186 98 186
91 200 99 200
91 209 94 211
91 225 99 225
91 231 96 232
91 240 98 240
91 248 96 249
92 0 95 2
92 3 101 3
92 27 99 27
92 36 100 36
92 38 103 38
92 39 101 39
92 49 93 54
92 58 95 60
92 72 95 74
92 80 102 80
92 83 93 88
92 89 99 89
92 90 103 90
92 93 93 98
92 101 103 101
92 102 97 103
92 105 100 105
92 123 97 124
92 131 97 132
92 142 102 142
92 151 95 153
92 166 102 166
92 202 94 205
92 215 102 215
92 216 97 217
92 218 97 219
92 227 97 228
92 241 97 242
93 15 98 16
93 17 100 17
93 20 94 25
93 29 98 30
93 40 103 40
93 43 94 48
93 61 96 63
93 64 102 64
93 75 100 75
93 113 96 115
93 125 95 128
93 130 101 130
93 133 96 135
93 137 96 139
93 154 102 154
93 162 98 163
93 167 95 170
93 179 94 184
93 194 101 194
93 196 98 197
93 214 102 214
94 34 99 35
94 37 101 37
94 49 95 54
94 65 96 68
94 70 105 70
94 77 102 77
94 83 95 88
94 92 97 94
94 95 96 98
94 109 96 112
94 140 99 141
94 143 103 143
94 157 105 157
94 159 105 159
94 176 99 177
94 187 99 188
94 220 97 222
94 224 105 224
94 233 97 235
94 237 99 238
95 9 100 10
95 20 96 25
95 43 96 48
95 76 102 76
95 116 98 118
95 129 106 129
95 144 100 145
95 148 100 149
95 150 106 150
95 161 104 161
95 164 102 164
95 165 104 165
95 179 97 182
95 183 100 184
95 192 100 193
95 195 102 195
95 202 98 204
95 205 102 205
95 209 97 212
95 213 105 213
95 229 100 230
95 243 100 244
96 0 101 1
96 2 107 2
96 6 101 7
96 19 105 19
96 31 105 31
96 49 97 54
96 55 101 56
96 58 99 60
96 71 98 74
96 78 101 79
96 83 98 86
96 87 101 88
96 99 101 100
96 125 98 128
96 146 101 147
96 151 99 153
96 160 104 160
96 167 98 170
96 172 101 173
96 174 103 174
96 185 106 185
96 189 101 190
96 191 103 191
96 198 101 199
96 236 104 236
96 245 106 245
97 8 107 8
97 20 98 25
97 43 98 48
97 61 100 63
97 65 99 68
97 95 100 97
97 107 99 110
97 111 99 114
97 115 104 115
97 120 102 121
97 134 102 135
97 137 100 139
97 171 105 171
97 178 105 178
97 231 102 232
97 246 99 249
98 4 103 5
98 11 103 12
98 26 107 26
98 49 99 54
98 92 101 94
98 102 101 104
98 122 103 123
98 124 108 124
98 131 101 133
98 158 107 158
98 179 101 181
98 182 108 182
98 201 107 201
98 208 100 211
98 212 105 212
98 216 99 221
98 223 109 223
98 226 101 228
98 233 101 235
98 241 103 242
99 15 104 16
99 20 100 25
99 28 102 30
99 32 104 33
99 41 100 46
99 47 104 48
99 69 108 69
99 71 108 71
99 72 108 72
99 73 104 74
99 81 100 86
99 116 102 118
99 125 101 128
99 162 109 162
99 163 110 163
99 167 101 170
99 186 108 186
99 196 104 197
99 202 102 204
99 206 108 206
99 222 110 222
99 239 104 240
100 13 105 14
100 27 107 27
100 34 105 35
100 49 101 54
100 57 102 60
100 65 102 68
100 89 111 89
100 91 107 91
100 98 111 98
100 107 102 110
100 111 102 114
100 136 110 136
100 140 105 141
100 151 103 153
100 176 105 177
100 187 105 188
100 200 109 200
100 207 107 207
100 216 101 221
100 225 108 225
100 237 105 238
100 246 102 249
101 9 106 10
101 17 110 17
101 20 102 25
101 36 108 36
101 41 102 46
101 61 104 63
101 75 111 75
101 81 102 86
101 95 106 96
101 97 109 97
101 105 106 106
101 137 104 139
101 144 106 145
101 148 106 149
101 183 106 184
101 192 106 193
101 208 103 211
101 229 106 230
101 243 106 244
102 0 112 0
102 1 109 1
102 3 112 3
102 6 107 7
102 37 110 37
102 39 109 39
102 49 103 54
102 55 107 56
102 78 107 79
102 87 107 88
102 92 107 93
102 94 111 94
102 99 107 100
102 102 105 104
102 119 111 119
102 125 105 127
102 128 111 128
102 130 104 133
102 146 107 147
102 155 107 156
102 167 104 170
102 172 109 172
102 173 111 173
102 179 105 181
102 189 107 190
102 194 111 194
102 199 111 199
102 216 103 221
102 226 105 228
102 233 105 235
103 20 104 25
103 28 106 30
103 41 104 46
103 57 105 60
103 64 106 66
103 68 111 68
103 76 108 77
103 80 104 85
103 86 110 86
103 107 104 112
103 113 108 114
103 116 108 117
103 120 108 121
103 134 108 135
103 142 114 142
103 154 111 154
103 164 112 164
103 166 112 166
103 195 112 195
103 198 114 198
103 202 106 204
103 205 111 205
103 214 108 215
103 231 108 232
103 246 105 249
104 4 109 5
104 11 109 12
104 38 113 38
104 40 111 40
104 49 105 54
104 101 112 101
104 122 109 123
104 143 115 143
104 151 109 152
104 153 114 153
104 174 113 174
104 191 111 191
104 208 107 210
104 211 111 211
104 216 105 221
104 241 109 242
105 15 110 16
105 18 116 18
105 20 106 25
105 32 110 33
105 41 106 46
105 47 110 48
105 61 110 62
105 63 113 63
105 73 110 74
105 80 106 85
105 107 106 112
105 115 112 115
105 130 107 133
105 137 108 139
105 160 110 161
105 165 116 165
105 167 110 168
105 169 110 170
105 196 110 197
105 236 112 236
105 239 110 240
106 13 111 14
106 19 113 19
106 31 116 31
106 34 111 35
106 49 107 54
106 57 108 60
106 67 117 67
106 102 111 103
106 104 117 104
106 125 111 126
106 127 114 127
106 140 111 141
106 157 113 157
106 171 117 171
106 175 107 180
106 181 115 181
106 187 111 188
106 212 111 213
106 216 107 221
106 224 116 224
106 226 109 228
106 233 111 234
106 235 115 235
106 237 111 238
106 246 109 248
107 9 112 10
107 20 108 25
107 28 115 28
107 30 116 30
107 41 108 46
107 64 115 64
107 65 112 66
107 80 108 85
107 95 112 96
107 105 108 110
107 111 112 112
107 118 118 118
107 129 117 129
107 144 117 144
107 145 116 145
107 148 110 150
107 183 110 185
107 192 112 193
107 202 110 204
107 229 112 230
107 243 110 245
108 2 116 2
108 6 111 8
108 26 113 27
108 49 109 54
108 55 113 56
108 78 113 79
108 87 113 88
108 90 110 93
108 99 113 100
108 130 110 133
108 146 113 147
108 156 115 156
108 158 113 159
108 175 109 180
108 189 113 190
108 201 118 201
108 207 110 210
108 216 109 221
108 249 119 249
109 20 110 25
109 36 120 36
109 41 110 46
109 57 111 60
109 69 111 72
109 76 114 77
109 80 110 85
109 105 110 110
109 113 114 114
109 116 114 117
109 120 114 121
109 124 116 124
109 134 114 135
109 137 114 138
109 139 116 139
109 182 116 182
109 186 117 186
109 206 117 206
109 214 114 215
109 225 118 225
109 231 117 231
110 1 118 1
110 4 115 5
110 11 121 11
110 29 121 29
110 39 117 39
110 49 111 54
110 97 120 97
110 122 115 123
110 151 115 152
110 162 117 162
110 172 120 172
110 175 121 175
110 176 115 177
110 178 113 180
110 200 117 200
110 216 111 221
110 223 118 223
110 226 113 228
110 232 121 232
110 241 115 242
110 246 115 247
110 248 117 248
111 15 114 17
111 20 113 23
111 24 116 25
111 32 116 33
111 37 119 37
111 41 112 46
111 47 116 48
111 61 116 62
111 73 116 74
111 80 112 85
111 86 120 86
111 90 113 93
111 105 112 110
111 130 113 133
111 136 119 136
111 149 121 149
111 155 122 155
111 160 116 161
111 163 122 163
111 167 113 170
111 183 114 185
111 196 116 197
111 202 116 203
111 204 120 204
111 207 113 210
111 222 119 222
111 239 116 240
111 243 114 245
112 6 115 8
112 12 115 14
112 34 117 35
112 40 121 40
112 49 121 49
112 50 114 53
112 54 119 54
112 57 114 60
112 68 114 71
112 72 119 72
112 75 120 75
112 89 120 89
112 94 119 94
112 98 119 98
112 102 117 103
112 119 119 119
112 125 122 125
112 126 122 126
112 128 123 128
112 140 119 140
112 148 123 148
112 154 122 154
112 173 120 173
112 187 117 188
112 191 119 191
112 194 123 194
112 199 122 199
112 205 119 205
112 211 117 212
112 213 119 213
112 216 113 221
112 233 119 233
112 237 117 238
113 0 120 0
113 3 120 3
113 9 118 10
113 41 114 46
113 65 118 66
113 80 114 85
113 95 118 96
113 101 120 101
113 105 114 110
113 111 118 112
113 115 120 115
113 150 124 150
113 164 122 164
113 166 120 166
113 192 121 192
113 193 122 193
113 195 123 195
113 229 118 230
113 234 124 234
113 236 122 236
114 19 116 22
114 23 125 23
114 26 119 27
114 38 121 38
114 55 119 56
114 63 125 63
114 78 119 79
114 87 119 88
114 90 116 93
114 99 119 100
114 130 117 132
114 133 121 133
114 141 125 141
114 146 119 147
114 157 117 159
114 167 116 170
114 174 124 174
114 178 119 179
114 180 124 180
114 189 119 190
114 207 116 210
114 216 115 221
114 226 117 228
115 15 126 15
115 41 116 46
115 50 120 51
115 52 120 53
115 57 117 60
115 68 117 71
115 76 120 77
115 80 116 85
115 105 116 110
115 113 123 113
115 114 123 114
115 116 120 117
115 120 120 121
115 127 123 127
115 134 120 135
115 137 124 137
115 138 122 138
115 142 126 142
115 153 124 153
115 183 118 185
115 198 123 198
115 214 120 215
115 243 118 245
116 4 121 5
116 6 119 8
116 12 121 13
116 16 121 17
116 28 127 28
116 64 127 64
116 122 121 123
116 143 125 143
116 151 121 152
116 156 123 156
116 176 121 177
116 181 127 181
116 216 117 221
116 235 123 235
116 241 121 242
116 246 121 247
117 2 124 2
117 14 128 14
117 18 120 20
117 21 122 22
117 24 122 25
117 30 119 33
117 41 118 46
117 47 125 47
117 48 126 48
117 61 122 62
117 73 122 74
117 80 118 85
117 90 119 93
117 105 118 110
117 124 124 124
117 139 127 139
117 145 125 145
117 160 122 161
117 165 124 165
117 167 120 169
117 170 126 170
117 182 125 182
117 196 122 197
117 202 122 203
117 207 122 208
117 209 122 210
117 224 124 224
117 239 122 240
118 34 123 35
118 39 126 39
118 57 120 60
118 67 120 70
118 102 123 103
118 104 125 104
118 129 120 132
118 144 125 144
118 157 121 159
118 162 125 162
118 171 128 171
118 186 121 188
118 200 126 200
118 206 127 206
118 211 123 212
118 216 119 221
118 226 121 228
118 231 129 231
118 237 123 238
118 248 129 248
119 1 130 1
119 9 124 10
119 41 120 46
119 65 124 66
119 71 130 71
119 80 120 85
119 95 124 96
119 105 121 108
119 109 121 112
119 118 126 118
119 183 122 185
119 201 126 201
119 223 127 223
119 225 127 225
119 229 124 230
119 243 124 244
119 245 127 245
120 6 123 8
120 26 125 27
120 30 122 33
120 37 128 37
120 54 123 56
120 72 130 72
120 78 131 78
120 79 129 79
120 87 125 88
120 90 125 91
120 92 123 94
120 98 123 100
120 119 127 119
120 136 127 136
120 140 127 140
120 146 125 147
120 178 125 179
120 189 123 191
120 205 130 205
120 213 128 213
120 216 121 221
120 222 131 222
120 233 130 233
120 249 127 249
121 0 128 0
121 3 128 3
121 18 124 20
121 41 122 46
121 50 123 53
121 57 123 60
121 67 123 70
121 75 126 76
121 80 122 85
121 86 130 86
121 89 129 89
121 97 129 97
121 101 128 101
121 115 124 117
121 120 126 121
121 129 124 131
121 132 131 132
121 134 126 135
121 166 126 167
121 168 129 168
121 172 126 173
121 204 129 204
121 214 126 215
122 4 127 5
122 11 125 13
122 16 131 16
122 29 130 29
122 38 131 38
122 40 130 40
122 49 129 49
122 105 123 110
122 111 127 112
122 122 131 122
122 123 133 123
122 133 132 133
122 149 133 149
122 151 127 152
122 157 127 158
122 159 130 159
122 175 127 176
122 177 130 177
122 186 125 188
122 192 131 192
122 216 124 219
122 220 127 221
122 226 125 228
122 232 130 232
122 241 127 242
122 247 132 247
123 21 131 21
123 24 133 24
123 25 134 25
123 30 125 33
123 41 124 46
123 61 128 62
123 73 128 74
123 80 124 85
123 125 128 126
123 138 131 138
123 154 128 155
123 160 128 161
123 163 128 164
123 183 126 185
123 193 130 193
123 196 128 197
123 199 131 199
123 202 128 203
123 207 128 208
123 209 128 210
123 236 134 236
123 239 128 240
123 246 134 246
124 6 127 8
124 22 135 22
124 34 129 35
124 50 126 53
124 54 125 59
124 60 132 60
124 67 126 70
124 92 127 94
124 98 132 98
124 99 129 100
124 102 129 103
124 105 125 110
124 113 129 114
124 127 132 127
124 128 135 128
124 148 131 148
124 156 133 156
124 169 135 169
124 189 127 191
124 194 129 195
124 198 133 198
124 211 129 212
124 235 131 235
124 237 129 238
125 2 132 2
125 9 130 10
125 17 127 20
125 36 136 36
125 41 126 46
125 65 130 66
125 80 126 85
125 95 130 96
125 115 128 117
125 124 135 124
125 129 128 131
125 137 132 137
125 150 133 150
125 153 136 153
125 165 133 165
125 174 136 174
125 180 134 180
125 216 127 219
125 224 132 224
125 234 133 234
125 243 130 244
126 11 129 13
126 23 136 23
126 26 131 27
126 30 131 31
126 47 136 47
126 54 127 59
126 63 135 63
126 87 131 88
126 90 131 91
126 104 127 109
126 141 134 141
126 143 131 144
126 145 129 147
126 162 137 162
126 178 131 179
126 182 135 182
126 186 129 188
126 226 128 229
126 230 137 230
127 15 137 15
127 39 136 39
127 41 128 46
127 48 134 48
127 50 129 53
127 67 129 70
127 75 130 77
127 80 128 85
127 118 137 118
127 120 132 121
127 134 132 135
127 142 137 142
127 166 132 167
127 170 137 170
127 172 137 172
127 173 134 173
127 183 130 185
127 200 132 201
127 214 132 215
128 4 133 5
128 6 131 8
128 17 130 20
128 28 139 28
128 54 129 59
128 64 138 64
128 92 131 94
128 104 129 109
128 110 131 112
128 119 136 119
128 136 136 136
128 139 133 140
128 151 133 152
128 157 133 158
128 176 137 176
128 181 135 181
128 189 131 191
128 206 138 206
128 216 129 221
128 223 136 223
128 225 135 225
128 241 133 242
128 245 139 245
128 249 139 249
129 0 138 0
129 3 136 3
129 14 136 14
129 32 134 33
129 37 136 37
129 41 130 46
129 61 134 62
129 73 140 73
129 74 138 74
129 80 130 85
129 101 138 101
129 115 132 117
129 125 134 126
129 129 134 130
129 131 140 131
129 154 134 155
129 160 140 160
129 161 136 161
129 163 134 164
129 171 137 171
129 175 140 175
129 196 134 197
129 202 134 203
129 207 134 208
129 209 134 210
129 213 137 213
129 226 132 228
129 229 138 229
129 239 134 240
130 11 133 13
130 34 135 35
130 49 131 54
130 55 132 58
130 59 138 59
130 67 132 70
130 79 140 79
130 89 139 89
130 97 137 97
130 99 135 100
130 102 131 107
130 108 138 108
130 109 138 109
130 113 139 113
130 114 141 114
130 145 133 147
130 168 138 168
130 186 133 188
130 194 141 194
130 195 137 195
130 204 141 204
130 211 135 212
130 216 131 221
130 231 141 231
130 237 135 238
130 248 141 248
131 1 141 1
131 9 136 10
131 17 134 19
131 20 140 20
131 29 141 29
131 40 132 45
131 46 139 46
131 65 138 65
131 66 142 66
131 71 136 72
131 75 134 77
131 80 132 85
131 86 139 86
131 95 136 96
131 159 139 159
131 177 140 177
131 183 134 185
131 193 138 193
131 205 140 205
131 232 136 233
131 243 142 243
131 244 142 244
132 6 135 8
132 16 139 16
132 21 142 21
132 26 137 27
132 30 137 31
132 38 139 38
132 49 133 54
132 78 143 78
132 87 137 88
132 90 135 92
132 93 137 94
132 102 133 107
132 112 141 112
132 122 139 122
132 132 139 132
132 138 142 138
132 143 137 144
132 148 139 148
132 178 137 179
132 189 134 192
132 199 142 199
132 216 133 221
132 235 141 235
133 2 141 2
133 40 134 45
133 55 136 57
133 58 142 58
133 60 140 60
133 67 136 69
133 70 140 70
133 80 142 80
133 82 135 85
133 98 143 98
133 115 138 116
133 117 142 117
133 121 140 121
133 127 142 127
133 133 141 133
133 135 141 135
133 137 140 137
133 166 138 167
133 200 138 201
133 214 138 215
133 224 144 224
133 226 136 228
133 247 140 247
134 4 139 5
134 11 139 12
134 13 145 13
134 24 145 24
134 49 135 54
134 102 135 107
134 110 139 111
134 120 145 120
134 123 145 123
134 139 139 140
134 145 139 146
134 147 142 147
134 149 136 152
134 156 137 158
134 165 144 165
134 186 137 188
134 198 142 198
134 216 135 221
134 222 145 222
134 234 142 234
134 241 139 242
135 17 138 19
135 25 146 25
135 40 136 45
135 48 142 48
135 61 140 62
135 75 138 77
135 125 140 126
135 129 140 130
135 141 143 141
135 154 140 155
135 163 140 164
135 173 145 173
135 180 142 180
135 183 138 185
135 189 138 191
135 192 144 192
135 196 140 197
135 202 140 203
135 207 137 210
135 236 146 236
135 239 140 240
135 246 142 246
136 6 139 8
136 22 145 22
136 33 139 35
136 49 137 54
136 63 146 63
136 81 138 84
136 85 144 85
136 90 139 92
136 99 141 100
136 102 137 107
136 124 147 124
136 128 143 128
136 181 147 181
136 182 144 182
136 211 141 212
136 216 137 221
136 225 144 225
136 238 146 238
137 3 147 3
137 9 142 10
137 14 146 14
137 23 148 23
137 36 142 37
137 39 138 44
137 45 144 45
137 47 148 47
137 55 140 57
137 67 140 69
137 71 142 72
137 95 142 96
137 119 147 119
137 134 148 134
137 136 147 136
137 149 139 152
137 153 146 153
137 161 145 161
137 223 148 223
137 226 140 228
137 232 142 233
138 15 146 15
138 26 143 27
138 30 143 31
138 32 149 32
138 49 139 54
138 87 143 88
138 93 143 94
138 97 148 97
138 102 139 107
138 118 146 118
138 142 143 143
138 144 149 144
138 157 143 158
138 162 149 162
138 169 140 172
138 176 148 176
138 178 143 179
138 186 143 187
138 188 145 188
138 195 148 195
138 207 140 210
138 213 147 213
138 216 139 221
138 230 145 230
138 237 149 237
139 0 148 0
139 17 142 19
139 39 140 44
139 59 146 59
139 64 144 65
139 74 144 75
139 77 146 77
139 82 149 82
139 83 144 84
139 101 148 101
139 108 144 109
139 115 144 116
139 166 142 168
139 183 144 184
139 185 150 185
139 189 142 191
139 193 149 193
139 200 144 201
139 206 147 206
139 214 144 215
139 229 149 229
140 4 142 7
140 8 150 8
140 11 145 12
140 16 147 16
140 33 143 35
140 38 147 38
140 46 151 46
140 49 143 51
140 52 143 54
140 86 147 86
140 89 142 92
140 102 141 107
140 113 148 113
140 122 147 122
140 132 149 132
140 139 145 140
140 145 145 146
140 148 143 150
140 151 145 152
140 159 150 159
140 216 141 221
140 241 145 242
140 245 151 245
140 249 147 249
141 20 152 20
141 39 142 44
141 55 144 57
141 60 152 60
141 61 150 61
141 62 150 62
141 67 143 70
141 76 152 76
141 79 148 79
141 111 152 111
141 121 149 121
141 125 151 125
141 129 144 131
141 137 148 137
141 154 144 156
141 160 149 160
141 163 151 163
141 169 143 172
141 175 149 175
141 177 150 177
141 196 149 196
141 202 146 203
141 205 148 205
141 207 143 210
141 226 146 227
141 228 149 228
141 239 146 240
141 247 152 247
142 1 147 2
142 28 147 29
142 81 153 81
142 99 147 100
142 102 143 107
142 112 150 112
142 114 150 114
142 133 149 133
142 135 151 135
142 174 153 174
142 194 150 194
142 211 147 212
142 216 143 221
142 235 152 235
142 248 150 248
143 4 146 6
143 7 151 7
143 9 148 10
143 17 148 18
143 19 154 19
143 21 154 21
143 36 148 37
143 39 144 44
143 48 150 48
143 58 152 58
143 66 150 66
143 71 146 73
143 80 150 80
143 89 145 92
143 95 148 96
143 117 152 117
143 127 153 127
143 138 151 138
143 147 151 147
143 164 154 164
143 166 146 168
143 180 153 180
143 189 146 191
143 198 148 199
143 232 146 234
143 246 151 246
144 26 149 27
144 30 149 31
144 33 147 35
144 49 146 52
144 53 149 54
144 67 146 70
144 78 155 78
144 87 152 87
144 88 152 88
144 93 149 94
144 98 154 98
144 102 145 107
144 126 155 126
144 128 155 128
144 141 149 142
144 143 152 143
144 148 147 150
144 157 149 158
144 171 149 172
144 178 153 178
144 186 149 187
144 207 149 208
144 209 149 210
144 216 147 218
144 219 147 221
145 39 146 44
145 45 154 45
145 56 150 57
145 64 150 65
145 74 150 75
145 83 148 85
145 108 148 110
145 116 155 116
145 129 148 131
145 155 156 155
145 165 153 165
145 169 156 169
145 182 148 184
145 192 155 192
145 200 150 201
145 204 156 204
145 214 150 215
145 224 150 225
146 11 149 13
146 22 153 22
146 24 155 24
146 55 157 55
146 89 149 91
146 92 153 92
146 102 147 107
146 123 157 123
146 139 151 140
146 145 151 146
146 151 153 151
146 152 155 152
146 161 154 161
146 173 156 173
146 188 153 188
146 222 154 222
146 230 151 231
146 241 149 243
147 4 150 6
147 14 152 15
147 25 154 25
147 39 148 44
147 49 149 52
147 59 155 59
147 63 154 63
147 67 148 72
147 73 154 73
147 77 157 77
147 115 158 115
147 118 156 118
147 153 152 154
147 166 150 168
147 179 158 179
147 189 150 191
147 202 152 203
147 226 152 227
147 232 150 234
147 238 150 240
148 1 153 2
148 3 156 3
148 16 155 16
148 28 153 29
148 33 151 35
148 38 155 38
148 86 158 86
148 99 153 100
148 102 149 107
148 119 153 120
148 122 159 122
148 124 157 124
148 136 155 136
148 148 151 150
148 206 156 206
148 211 151 213
148 216 149 221
148 249 159 249
149 0 159 0
149 9 154 10
149 17 154 18
149 23 157 23
149 36 154 37
149 39 151 42
149 43 154 44
149 47 158 47
149 67 150 72
149 79 157 79
149 83 154 84
149 85 158 85
149 95 152 97
149 101 157 101
149 108 154 109
149 110 159 110
149 113 156 113
149 129 154 130
149 131 157 131
149 134 159 134
149 137 157 137
149 156 160 156
149 170 160 170
149 176 157 176
149 181 151 184
149 195 157 195
149 197 152 199
149 205 159 205
150 11 153 13
150 26 155 27
150 30 153 32
150 49 151 54
150 82 157 82
150 89 153 91
150 93 155 94
150 102 151 107
150 121 157 121
150 132 155 133
150 141 155 142
150 144 160 144
150 157 155 158
150 160 158 160
150 162 157 162
150 171 160 171
150 172 158 172
150 175 157 175
150 186 155 187
150 193 158 193
150 196 157 196
150 207 152 210
150 216 151 221
150 228 155 229
150 237 161 237
150 241 152 244
151 4 154 6
151 8 161 8
151 48 162 48
151 56 162 56
151 57 158 57
151 61 156 62
151 64 152 69
151 70 156 71
151 72 158 72
151 74 156 75
151 80 158 80
151 112 161 112
151 114 162 114
151 159 158 159
151 166 154 168
151 177 159 177
151 185 158 185
151 189 156 190
151 191 161 191
151 194 158 194
151 200 156 201
151 214 156 215
151 223 154 225
151 232 154 234
151 236 162 236
151 238 156 239
151 240 159 240
151 248 160 248
152 7 159 7
152 33 155 35
152 39 154 42
152 46 161 46
152 49 153 54
152 102 153 107
152 125 161 125
152 135 163 135
152 138 155 140
152 145 153 150
152 163 163 163
152 181 154 184
152 211 155 213
152 216 153 221
152 230 157 231
152 245 157 246
153 14 158 15
153 58 164 58
153 60 163 60
153 64 154 69
153 76 162 76
153 87 158 88
153 95 156 97
153 111 161 111
153 117 160 117
153 143 161 143
153 153 158 154
153 197 158 198
153 199 161 199
153 202 158 203
153 207 156 209
153 210 162 210
153 226 158 227
153 235 160 235
153 241 155 244
154 1 162 1
154 11 157 13
154 22 161 22
154 28 156 31
154 32 165 32
154 49 155 54
154 81 162 81
154 89 156 92
154 99 159 100
154 102 155 107
154 119 159 120
154 127 161 127
154 145 155 150
154 151 161 151
154 165 163 165
154 174 164 174
154 178 161 178
154 180 163 180
154 188 161 188
154 216 155 221
155 2 166 2
155 4 158 6
155 9 163 9
155 10 163 10
155 17 157 20
155 21 165 21
155 25 163 25
155 36 160 37
155 39 156 44
155 45 163 45
155 63 156 68
155 69 164 69
155 73 163 73
155 83 160 84
155 98 162 98
155 108 164 108
155 109 166 109
155 129 160 130
155 161 162 161
155 166 158 168
155 181 160 182
155 183 160 184
155 222 158 224
155 225 164 225
155 232 164 232
155 233 164 233
155 234 163 234
156 16 167 16
156 24 165 24
156 26 161 27
156 33 159 35
156 38 163 38
156 49 157 54
156 59 163 59
156 93 161 94
156 102 157 107
156 116 164 116
156 126 163 126
156 128 164 128
156 132 161 133
156 136 164 136
156 138 159 140
156 142 163 142
156 145 157 150
156 152 164 152
156 157 161 158
156 187 164 187
156 192 164 192
156 211 159 213
156 216 157 221
156 228 161 229
156 241 158 244
156 247 167 247
157 3 167 3
157 28 159 31
157 39 158 44
157 61 158 66
157 67 162 68
157 70 162 71
157 74 165 74
157 75 166 75
157 89 162 90
157 91 168 91
157 92 164 92
157 95 162 96
157 97 164 97
157 113 164 113
157 118 168 118
157 155 166 155
157 169 166 169
157 173 167 173
157 189 162 190
157 200 162 201
157 204 166 204
157 206 159 209
157 214 162 215
157 238 162 239
158 11 163 12
158 13 168 13
158 17 161 19
158 23 165 23
158 49 160 52
158 53 161 55
158 77 163 78
158 79 165 79
158 82 169 82
158 101 159 106
158 107 165 107
158 121 167 121
158 123 163 124
158 131 169 131
158 137 167 137
158 145 160 148
158 149 163 150
158 162 167 162
158 175 163 176
158 195 163 196
158 216 159 221
158 230 163 231
158 246 168 246
159 4 162 6
159 14 164 15
159 39 160 44
159 47 168 47
159 57 166 57
159 61 160 66
159 72 169 72
159 80 166 80
159 85 161 88
159 115 169 115
159 153 164 154
159 159 164 160
159 164 170 164
159 166 162 168
159 172 167 172
159 179 166 179
159 185 164 186
159 193 164 194
159 197 164 198
159 202 164 203
159 222 162 224
159 226 164 227
159 241 161 244
160 0 171 0
160 7 168 7
160 28 162 31
160 33 163 35
160 99 163 101
160 102 163 104
160 105 165 106
160 110 170 110
160 119 165 120
160 134 168 134
160 138 163 140
160 177 169 177
160 205 163 207
160 208 165 209
160 211 163 213
160 216 161 221
160 240 171 240
160 249 167 249
161 36 166 37
161 39 162 44
161 49 166 50
161 51 166 52
161 61 166 62
161 63 163 66
161 83 166 84
161 117 168 117
161 122 172 122
161 130 168 130
161 144 166 145
161 146 164 148
161 156 172 156
161 170 166 171
161 181 163 184
161 235 168 235
161 245 172 245
161 248 169 248
162 8 169 8
162 17 164 20
162 22 169 22
162 26 167 27
162 46 171 46
162 53 165 55
162 85 165 87
162 88 170 88
162 93 167 94
162 111 167 112
162 125 173 125
162 127 170 127
162 132 167 133
162 143 170 143
162 151 169 151
162 157 167 158
162 178 169 178
162 188 172 188
162 191 169 191
162 199 169 199
162 216 163 221
162 228 167 229
162 237 172 237
162 241 164 244
163 1 173 1
163 4 168 5
163 28 165 31
163 39 164 44
163 48 173 48
163 56 171 56
163 67 168 68
163 70 168 71
163 76 174 76
163 81 171 81
163 89 172 89
163 90 173 90
163 95 168 96
163 98 174 98
163 114 170 114
163 141 174 141
163 161 174 161
163 166 166 168
163 189 168 190
163 200 172 200
163 210 171 210
163 214 168 215
163 222 166 224
163 236 170 236
163 238 168 239
164 9 166 12
164 25 175 25
164 33 167 35
164 38 171 38
164 45 174 45
164 59 169 60
164 63 167 65
164 66 173 66
164 73 171 73
164 77 169 78
164 99 165 104
164 123 169 124
164 126 172 126
164 135 171 135
164 138 167 140
164 142 171 142
164 150 175 150
164 165 175 165
164 175 169 176
164 180 166 183
164 184 174 184
164 195 175 195
164 205 167 207
164 211 169 212
164 213 172 213
164 216 165 221
164 230 169 231
164 234 172 234
165 6 176 6
165 15 174 15
165 17 167 20
165 39 166 44
165 58 173 58
165 69 176 69
165 92 173 92
165 97 172 97
165 108 173 108
165 113 172 113
165 116 174 116
165 128 174 128
165 136 176 136
165 146 167 149
165 152 168 154
165 159 170 160
165 163 176 163
165 174 173 174
165 185 170 186
165 187 172 187
165 192 168 194
165 197 170 198
165 201 176 201
165 202 170 203
165 225 168 227
165 232 174 232
165 233 176 233
165 241 168 243
165 244 176 244
166 21 174 21
166 23 171 24
166 28 168 31
166 53 169 55
166 74 177 74
166 79 173 79
166 85 169 87
166 99 167 104
166 105 169 107
166 119 171 120
166 129 177 129
166 208 171 209
166 216 167 221
167 9 170 11
167 12 174 12
167 36 172 37
167 39 168 44
167 49 169 52
167 57 175 57
167 61 172 62
167 75 178 75
167 80 174 80
167 83 172 84
167 144 172 145
167 155 174 155
167 166 169 169
167 170 172 171
167 179 170 181
167 182 172 183
167 196 178 196
167 204 175 204
167 222 170 224
168 2 173 3
168 16 173 17
168 18 171 20
168 26 173 27
168 32 170 35
168 63 171 65
168 93 173 94
168 99 169 104
168 111 173 112
168 121 178 121
168 132 173 133
168 137 171 139
168 146 170 149
168 157 173 158
168 162 175 162
168 172 173 173
168 205 171 207
168 216 169 221
168 228 173 229
168 249 178 249
169 4 177 4
169 5 180 5
169 7 177 7
169 13 177 13
169 28 172 30
169 31 178 31
169 39 171 42
169 43 174 44
169 47 176 47
169 67 174 68
169 70 174 71
169 91 176 91
169 95 174 96
169 117 174 118
169 130 176 130
169 134 177 134
169 152 172 154
169 189 174 190
169 192 172 194
169 214 174 215
169 225 174 226
169 227 178 227
169 235 177 235
169 238 174 239
169 241 172 243
169 246 180 246
169 247 180 247
170 8 177 8
170 22 179 22
170 49 171 54
170 55 177 55
170 59 175 60
170 72 178 72
170 77 175 78
170 82 179 82
170 85 173 87
170 99 171 104
170 105 173 107
170 115 177 115
170 123 175 124
170 131 178 131
170 151 177 151
170 166 172 169
170 175 175 176
170 177 175 178
170 191 178 191
170 199 178 199
170 211 179 211
170 212 179 212
170 216 171 221
170 230 175 231
170 248 178 248
171 9 174 11
171 14 182 14
171 32 173 35
171 88 180 88
171 109 176 110
171 114 179 114
171 127 180 127
171 143 182 143
171 146 173 149
171 159 176 160
171 164 179 164
171 179 176 180
171 181 179 181
171 185 176 186
171 197 176 198
171 202 176 203
171 222 176 223
171 224 180 224
171 236 180 236
172 0 180 0
172 18 175 20
172 23 177 24
172 38 174 41
172 42 179 42
172 46 182 46
172 49 173 54
172 56 180 56
172 63 175 65
172 73 180 73
172 81 180 81
172 99 173 104
172 119 177 120
172 135 179 135
172 137 175 139
172 142 182 142
172 205 173 210
172 216 173 221
172 240 179 240
173 28 176 30
173 36 178 37
173 61 178 62
173 83 178 84
173 89 180 89
173 97 180 97
173 113 181 113
173 122 184 122
173 126 181 126
173 144 178 145
173 152 176 154
173 156 182 156
173 166 174 171
173 182 178 183
173 187 178 188
173 192 178 193
173 194 184 194
173 200 180 200
173 213 182 213
173 234 180 234
173 237 184 237
173 241 176 243
173 245 183 245
174 1 177 3
174 16 179 17
174 26 179 27
174 32 176 35
174 48 176 51
174 52 177 54
174 58 182 58
174 66 182 66
174 79 185 79
174 85 185 85
174 86 184 86
174 90 181 90
174 92 179 93
174 99 175 104
174 105 176 108
174 111 179 112
174 125 182 125
174 132 179 133
174 146 176 149
174 157 179 158
174 172 177 174
174 205 175 210
174 216 175 221
174 228 184 228
174 229 184 229
175 9 177 12
175 15 183 15
175 21 182 21
175 38 177 41
175 43 178 45
175 67 180 68
175 70 180 71
175 76 182 76
175 80 184 80
175 94 180 95
175 96 182 96
175 98 184 98
175 116 178 118
175 128 182 128
175 141 186 141
175 155 186 155
175 166 176 171
175 184 186 184
175 189 180 190
175 214 180 215
175 225 180 226
175 232 184 232
175 238 180 239
176 18 181 19
176 20 184 20
176 57 185 57
176 59 181 60
176 63 181 64
176 77 181 78
176 99 177 104
176 123 181 124
176 137 178 140
176 150 185 150
176 162 183 162
176 165 183 165
176 175 178 178
176 195 184 195
176 204 177 209
176 210 186 210
176 216 177 221
176 230 181 231
177 6 185 6
177 28 182 29
177 30 184 30
177 32 179 35
177 47 179 50
177 51 188 51
177 69 186 69
177 87 188 87
177 91 186 91
177 105 180 107
177 108 180 110
177 130 184 130
177 136 188 136
177 146 179 149
177 152 186 152
177 154 186 154
177 159 180 161
177 163 185 163
177 166 178 171
177 179 182 180
177 185 182 186
177 197 182 198
177 201 185 201
177 202 187 202
177 203 188 203
177 222 185 222
177 223 185 223
177 233 187 233
177 241 182 242
177 243 182 244
178 1 180 4
178 7 179 12
178 13 186 13
178 23 181 25
178 38 183 39
178 40 183 41
178 52 183 53
178 54 183 55
178 74 188 74
178 99 179 104
178 115 186 115
178 119 188 119
178 120 187 120
178 129 189 129
178 134 186 134
178 151 185 151
178 153 189 153
178 172 183 173
178 174 185 174
178 204 179 209
178 216 179 221
178 235 189 235
179 31 186 31
179 36 184 37
179 43 182 45
179 61 184 62
179 72 190 72
179 75 187 75
179 83 188 83
179 84 188 84
179 116 184 117
179 118 188 118
179 121 188 121
179 131 188 131
179 137 182 139
179 144 184 145
179 166 180 171
179 175 181 178
179 182 184 183
179 187 184 188
179 191 184 192
179 193 186 193
179 196 186 196
179 199 190 199
179 227 190 227
179 248 184 249
180 7 181 12
180 16 185 17
180 22 191 22
180 26 185 27
180 32 182 35
180 42 187 42
180 47 182 50
180 82 187 82
180 92 185 93
180 99 181 104
180 111 185 112
180 114 189 114
180 135 191 135
180 146 183 148
180 157 188 157
180 164 188 164
180 181 190 181
180 204 181 209
180 211 185 212
180 216 181 221
180 240 187 240
181 0 182 5
181 56 188 56
181 67 186 68
181 70 186 71
181 73 188 73
181 81 188 81
181 88 186 89
181 94 186 95
181 97 188 97
181 105 182 110
181 127 192 127
181 140 192 140
181 158 183 161
181 166 182 171
181 189 186 190
181 200 188 200
181 214 186 215
181 224 184 226
181 234 190 234
181 236 192 236
181 238 186 239
181 246 186 247
182 7 183 12
182 18 187 19
182 23 189 23
182 25 193 25
182 63 187 64
182 77 187 78
182 90 192 90
182 99 183 104
182 113 189 113
182 123 187 124
182 126 191 126
182 175 184 178
182 204 183 209
182 216 183 221
182 230 187 231
183 0 184 5
183 14 192 14
183 21 193 21
183 28 188 29
183 32 186 34
183 35 194 35
183 43 184 48
183 49 188 50
183 58 194 58
183 60 194 60
183 66 194 66
183 76 193 76
183 96 194 96
183 105 184 110
183 125 191 125
183 128 193 128
183 132 194 132
183 137 188 138
183 139 192 139
183 142 188 143
183 156 193 156
183 166 184 171
183 179 188 180
183 185 188 186
183 197 188 198
183 213 194 213
183 241 188 242
183 243 188 244
184 7 186 10
184 11 189 12
184 15 192 15
184 38 186 41
184 52 186 55
184 59 195 59
184 99 185 104
184 133 195 133
184 146 186 149
184 158 186 161
184 162 195 162
184 165 192 165
184 173 195 173
184 204 185 209
184 216 185 221
184 245 195 245
185 0 186 5
185 20 193 20
185 30 194 30
185 36 190 37
185 43 186 48
185 61 196 61
185 62 195 62
185 80 196 80
185 86 196 86
185 98 195 98
185 105 186 110
185 116 190 117
185 122 193 122
185 130 196 130
185 144 190 145
185 166 186 171
185 172 196 172
185 175 187 178
185 182 190 183
185 187 190 188
185 192 196 192
185 194 190 195
185 224 190 225
185 226 196 226
185 228 190 229
185 232 196 232
185 237 196 237
185 248 190 249
186 6 196 6
186 16 191 17
186 26 191 27
186 57 197 57
186 79 193 79
186 85 194 85
186 92 191 93
186 99 187 104
186 111 191 112
186 150 191 151
186 163 195 163
186 174 195 174
186 201 197 201
186 204 187 209
186 211 191 212
186 216 187 221
186 222 191 223
187 0 189 3
187 4 192 5
187 7 190 9
187 10 198 10
187 13 198 13
187 31 189 34
187 38 190 40
187 43 188 48
187 52 189 55
187 67 189 70
187 71 196 71
187 88 192 89
187 91 197 91
187 94 198 94
187 95 198 95
187 105 188 110
187 115 195 115
187 134 196 134
187 146 189 149
187 152 198 152
187 154 192 155
187 158 189 161
187 166 188 171
187 184 196 184
187 189 192 190
187 193 198 193
187 196 198 196
187 210 197 210
187 214 192 215
187 238 192 239
187 246 192 247
188 18 193 19
188 41 193 42
188 63 191 65
188 75 199 75
188 77 193 78
188 82 199 82
188 99 189 104
188 120 199 120
188 123 193 124
188 175 191 177
188 178 199 178
188 202 198 202
188 204 189 209
188 216 189 221
188 230 193 231
188 233 199 233
188 240 197 240
189 28 194 29
189 43 190 48
189 49 192 51
189 56 198 56
189 73 194 74
189 81 199 81
189 83 194 84
189 87 199 87
189 97 199 97
189 105 190 110
189 118 194 119
189 121 199 121
189 131 197 131
189 136 192 138
189 141 192 143
189 157 199 157
189 164 199 164
189 166 190 171
189 179 194 180
189 185 194 186
189 197 194 198
189 200 198 200
189 203 198 203
189 241 191 244
190 0 193 2
190 3 199 3
190 11 199 11
190 23 195 24
190 31 192 34
190 52 192 55
190 67 192 70
190 99 191 104
190 113 195 114
190 146 195 147
190 148 195 149
190 153 199 153
190 158 192 161
190 204 191 209
190 216 191 221
190 235 199 235
191 7 196 8
191 36 196 37
191 38 196 39
191 43 192 48
191 72 199 72
191 105 192 110
191 116 196 117
191 144 196 145
191 166 192 171
191 181 194 183
191 187 196 188
191 194 196 195
191 224 196 225
191 227 194 229
191 234 199 234
191 248 196 249
192 16 197 17
192 22 199 22
192 26 197 27
192 63 195 65
192 92 197 93
192 99 193 104
192 111 197 112
192 125 197 126
192 150 197 151
192 175 195 177
192 204 194 207
192 208 197 209
192 211 197 212
192 216 193 221
192 222 197 223
192 241 194 244
193 4 198 5
193 14 198 15
193 31 195 34
193 43 194 48
193 49 194 54
193 67 196 69
193 88 196 90
193 105 194 110
193 135 194 140
193 141 198 142
193 158 195 161
193 165 194 170
193 189 196 191
193 214 198 215
193 238 198 239
193 246 198 247
194 0 197 2
194 18 196 21
194 41 199 42
194 76 199 77
194 78 199 79
194 99 195 104
194 122 199 123
194 127 197 129
194 154 197 156
194 216 195 221
194 230 199 231
195 28 198 30
195 43 196 48
195 49 196 54
195 84 199 85
195 105 196 110
195 118 199 119
195 135 196 140
195 165 196 170
195 179 197 182
195 197 198 199
195 205 198 207
195 227 198 229
195 241 197 244
196 23 199 25
196 31 198 34
196 58 198 60
196 62 198 65
196 98 198 101
196 102 199 104
196 113 199 115
196 146 198 149
196 158 197 163
196 173 197 177
196 216 197 221
197 6 199 9
197 35 198 40
197 43 198 48
197 49 198 54
197 66 198 71
197 105 198 110
197 132 197 140
197 165 199 168
197 183 198 188
198 88 199 93
198 124 199 129
198 130 199 135
198 158 199 163
198 169 198 177
198 179 199 182
198 208 199 213
198 216 199 221
198 222 199 226
198 240 199 245
199 12 199 21
199 26 199 37
199 44 199 55
199 56 199 67
199 105 199 112
199 136 199 147
199 186 199 197
199 198 199 207
