750
122
141
994
193
781 773
377
280 271
784
460
874
444 424
20 15
111
774 769
482 455
165 151
367
675 662
840 817
60
9
509
557
707
858 832
214 206
381
848
531
313
345 330
654
865
669
974 968
45
794 760
8 993
535 510
838 834
608 607
475 461
861 847
937 915
321 297
76 65
305
414 407
728
981 961
322 306
713
604
663
885 873
653 643
928 910
139
550
130 99
960 929
23
567
596
226 198
238 234
91 88
835 833
802
575
970
930 876
903 891
710 709
484 432
880
922
393
859
582 579
912 881
270 236
723
627
959
731 720
519
235
741
611
348
702
888
706
837 814
682
503 501
584
413 402
409 408
363 324
373 365
921
809
673 659
26 10
528 474
498 487
740 735
38
438 415
12 973
436
196
307 304
583 572
588
355 350
815
392 372
287
169 162
51 27
892 798
352
676 668
59 55
143 128
852
96 95
758 753
155 153
344 341
756
423
191 185
551
493
826
100
74
376 368
14
529 464
220
745
451
406
210
245
339 289
622 609
599 580
855
255
247
263 262
805 763
161 158
200 195
694
722
978
417 399
273 252
202
600 598
853 841
620 617
394 383
35
358
995 894
68 64
626
893
347
907
688
715 711
256 243
895
737 695
988 977
311
664 624
277
778
340
107
448
914
818 810
470 469
466 419
797 796
957 949
405 382
520
867
767
260
24
761
251
637 636
283
746
118 114
845
712
431
795 744
991 982
789 759
513 481
591
581 553
284
631 630
890
899
239
188 182
115 93
808 800
726 716
850
275
150 105
49 984
70
248 246
337 335
619 615
450
81
462
385 366
125
951
742
533
28
590 585
537 494
146 124
743
73
931
783 750
416
332
387
231 138
511 471
209
777
812
729
897 868
137 133
349
856 846
883 788
757
806 793
123 102
803
764
955
219
278
505
63
872 862
721 661
336 290
997
998
108 94
953 947
369
920 879
577 545
233
525 518
101 67
285 259
684 657
272
952 943
559
477
359 331
225
836
980 945
328
671
776
199 173
996 967
98
140
46 2
999 985
646
766
205
965 958
887
724
189
828 824
168 163
896
936
678
747
717 698
440
719
962
54 53
378
989
556
923
956 932
820
109
543 521
629
131 119
334
506
132
276
42
829
878
89
490 443
446
924
261
898 884
279
178
839
714 686
354
32 30
325
644
309
536
34
635 634
738
269 257
457
267
692
770 765
103
286
78
811
420
268
516
605
964
849
18 6
412
56
680
602
25
326
791
160 126
468
502
830
594
241
391
908
950
397
623
691
317
357
351
258
491
333
430
507
207 190
497
230
606
13
905
463
727
613
917
642
192
1
298
754
696 603
299
934 927
785
904 901
946 941
733
364
473
360
573 566
483
154
703 701
316
736
730
181
254
718
388 371
825 801
625 612
570
80 40
478 465
916 902
670 665
690
976
790
842
592
249 242
157 156
204 183
50
479
938
110
43
538
674 544
621
213
16
454 452
705 697
851
843
966
889
338 288
610
295 291
3
576
560
216
495 492
120
638
913
320
72 52
121
224 215
886
708
374
85 82
975
563 517
597
866 857
658
780
164
515
569
645
983
652
5
860
403 398
571 562
228
281
253 221
323
524 522
504
166
296
633 632
433
41
170
486
104 97
375 353
689 681
804
293
489
649
734
75
616
971
807
574
508
539
303
282
687
379
854
565
732
184
755
44 31
264 237
66 58
197
441
775
22
555
618 589
821
871 816
159
587 578
422 410
655
752 700
389
425
61 47
147 144
112
240
174
704
77
656
342
29
442
647
500
906
48
935
651 595
300
827
992
356
933
685 683
36 990
831
401 386
969
667
177
312
136
639
986
948
823
844
180 152
942
541
421
175 117
7
614
176
0 979
62
869
222
514
92
266 250
911 882
813 751
84 79
90
666 660
327 318
116 71
926
568 564
106
787
944
547 534
135
39
786
458 447
768
145
548 542
194
467
134 129
427 418
900
749 699
972
329
319
792
439
940 909
212
315
650
526
939
558 523
142
822
459 437
301
488
244 227
499
532
149
546
203
21
33
361
782 762
561
87
223 218
472
302
593
400
748
434 426
274
530
772
586 552
693
863
512 496
453
799
265
167
4
963
779
449 445
875
395 310
925
211
628 601
428 390
919 918
987
554
186
485
172 171
640
527 476
679
819
346
540
549
370
404
362
648
292
435
677
641
308
83
148
411
396
201
480
870
57 37
208
17
877
771
113
384 343
864
229
232
127
217
429
187
11
672
179
294
456
314
954
725
19
739
380
86 69
