750
122
141
994
193
155 909
350 758
588
997
290 774
111
899
239
153 940
808 214
321 882
925
211
490 601
534 563
738
481 635
371 789
982 175
330 871
230
606
13
737 288
533
742
951
570
241
763 266
151 957
244 834
499
723
627
959
414 709
416
332
778
340
859
393
133 731
662 359
422 607
199 930
188 927
425
49 824
150 941
165 949
866 234
105 946
794 218
438 700
383 631
376 632
733
364
134 61
825 143
365 715
688
258
694
195 904
50
479
938
72 793
125
24
260
767
867
520
744 207
497
461 673
474 582
285 918
67 974
137 720
770 215
209
777
812
729
833 116
4
823
460
784
654
865
669
42
276
132
506
334
356
933
765 224
87
228
328
796 180
593
56
412
18 967
849
964
605
516
268
435
677
820
109
483
154
701 269
615 363
91 945
922
880
196
436
619 322
722
978
971
616
75
885 237
663
604
713
581 306
298
754
926
388 759
907
347
893
626
629
543 324
547 517
800 206
716 248
851
27 999
537 343
986
236 676
409 496
320
695 338
973 168
367
302
505
63
872 961
804
721 221
811
78
286
103
664 375
681 478
644
309
536
34
433
41
622 495
231 698
932 85
975
920 198
488
736
730
181
977 66
169 750
40 126
559
952 171
48
906
500
647
561
272
609 492
832 161
179
194
467
815
355 753
869
514
222
480
852
878
829
93 96
411
148
245
339 578
739
858 158
707
881 131
617 586
735 466
38
575
970
162 783
462
81
450
281
661 253
262 600
368 633
841 59
112
147 65
921
809
373 711
469 449
372 558
998
761
352
726 246
197
60
9
434 651
569
645
856 291
518 599
889
814 97
682
138 717
387
17
991 117
912 119
251
813 399
697 280
853 55
553 398
562 577
724
189
703 257
693
678
747
270 668
528 579
670 542
837 104
145
768
408 512
120
28
176
614
7
963
779
995 53
394 630
620 552
962
719
440
807
544 337
574
508
210
406
446
89
924
255
247
917
51 985
521 403
183 699
216
407 710
94 916
369
953 868
572 545
903 928
178
839
115 95
475 659
571 529
819
679
689 353
702
888
706
896
936
327 636
304 666
8 69
227 838
311
624 465
680
80 102
913
746
170
32 123
530
382 684
101 968
525 580
90
314
674 335
98
140
862 46
326
791
30 160
468
502
830
740 419
847 84
113
840 310
303
282
692
267
457
886
708
751 417
273 810
667
307 660
3
576
560
771
956 82
182 934
374
943 172
915 981
844
31 979
873 264
515
164
494 384
459 585
242 696
146 958
556
923
323
135
16
454 498
795 190
705 271
596
567
23
960 185
437 590
166
504
329
972
275
850
686 527
256 884
261
472
313
402 762
405 657
937 910
638
325
99 781
187
550
358
233
455 484
509
557
799
453
966
843
874
424 510
43
15 68
277
361
33
477
675 331
826
493
551
817 395
421
857 238
792
988 58
362
342
649
124 965
887
691
317
357
351
107
243 898
895
420
45
801 128
780
110
293
489
650
602
25
855
252 818
202
728
942
541
879 226
289 587
205
129 76
665 548
259 919
100
74
760 223
993 86
225
947 897
108 902
531
848
381
482 432
386 883
591
513 634
423
756
157 990
846 295
939
526
734
565
732
283
318 637
485
803
764
741
611
348
439
772
652
5
860
21
203
546
149
532
743
73
931
249 603
83
415 752
217
127
653 366
718
254
524 589
821
345 816
802
835 71
646
583 428
265
70
378
989
39
173 876
346
948
987
204 749
785
200 901
727
463
905
354
983
77
52 806
121
201
136
639
473
360
441
894 54
655
312
787
519
235
397
623
845
712
431
14
522 618
984 828
573 501
584
263 598
443 628
391
908
950
621
316
861 79
284
491
333
430
507
220
745
451
130 773
139
831
392 523
19
114 892
297 911
92
929 191
88 980
344 564
456
174
704
279
413 782
305
914
448
396
955
219
278
299
192
642
976
690
486
875
538
640
877
452 487
404
370
159
308
641
992
822
142
790
842
592
540
377
62
26 0
336 769
643 385
426 595
410 608
6 996
458 683
44 37
755
184
672
658
1
292
648
177
610
118 798
12 163
471 427
186
554
240
854
379
687
380
511 418
11
597
213
656
805 250
274
400
714 476
776
671
944
301
229
212
315
935
757
232
401 788
429
35
766
549
287
891 2
167
208
29
442
864
827
300
156 36
294
539
625 390
319
349
786
447 685
389
613
594
296
954
555
22
775
748
20 64
566 503
470 445
10 57
725
969
612 464
797 152
144 47
870
341 568
890
444 535
836
106
900
863
